<?xml version="1.0" encoding="UTF-8"?>
<!-- Generated by org.testng.reporters.JUnitReportReporter -->
<testsuite hostname="Mohanneds-MacBook-Pro.local" failures="0" tests="1" name="com.SFA.TestCases.SFALogintest" time="32.165" errors="0" timestamp="2022-11-05T01:46:31 AST" skipped="0">
  <testcase classname="com.SFA.TestCases.SFALogintest" name="loginTest" time="32.165"/>
  <system-out/>
</testsuite> <!-- com.SFA.TestCases.SFALogintest -->
